2023-04-12 09:13:13,036 - INFO - Loaded fine-tune dataset
2023-04-12 09:13:13,036 - INFO - Initializing fine-tune dataset
2023-04-12 09:16:22,543 - INFO - Extracted encodings and labels from chunks and initialized dataset
2023-04-12 09:16:24,392 - INFO - Split fine-tune data to fine-tune and validation datasets
2023-04-12 09:16:30,511 - INFO - Training...
2023-04-12 09:16:30,512 - INFO - ======== Epoch 1 / 3 ========
2023-04-12 09:24:10,186 - INFO -   Batch 1,000  of  54,798.    Elapsed: 0:07:40.      Average Loss: 3.5833
2023-04-12 09:31:51,802 - INFO -   Batch 2,000  of  54,798.    Elapsed: 0:15:21.      Average Loss: 3.4023
2023-04-12 09:39:34,155 - INFO -   Batch 3,000  of  54,798.    Elapsed: 0:23:04.      Average Loss: 3.3345
2023-04-12 09:47:16,535 - INFO -   Batch 4,000  of  54,798.    Elapsed: 0:30:46.      Average Loss: 3.2714
2023-04-12 09:55:04,095 - INFO -   Batch 5,000  of  54,798.    Elapsed: 0:38:34.      Average Loss: 3.2419
2023-04-12 10:08:27,153 - INFO -   Batch 6,000  of  54,798.    Elapsed: 0:51:57.      Average Loss: 3.2221
2023-04-12 10:22:02,780 - INFO -   Batch 7,000  of  54,798.    Elapsed: 1:05:32.      Average Loss: 3.205
2023-04-12 10:35:40,857 - INFO -   Batch 8,000  of  54,798.    Elapsed: 1:19:10.      Average Loss: 3.1995
2023-04-12 10:49:19,498 - INFO -   Batch 9,000  of  54,798.    Elapsed: 1:32:49.      Average Loss: 3.1853
2023-04-12 11:02:56,811 - INFO -   Batch 10,000  of  54,798.    Elapsed: 1:46:26.      Average Loss: 3.1811
2023-04-12 11:16:35,121 - INFO -   Batch 11,000  of  54,798.    Elapsed: 2:00:05.      Average Loss: 3.1713
2023-04-12 11:30:12,085 - INFO -   Batch 12,000  of  54,798.    Elapsed: 2:13:42.      Average Loss: 3.1579
2023-04-12 11:43:49,857 - INFO -   Batch 13,000  of  54,798.    Elapsed: 2:27:19.      Average Loss: 3.1491
2023-04-12 11:56:37,791 - INFO -   Batch 14,000  of  54,798.    Elapsed: 2:40:07.      Average Loss: 3.1159
2023-04-12 12:04:20,407 - INFO -   Batch 15,000  of  54,798.    Elapsed: 2:47:50.      Average Loss: 3.0829
2023-04-12 12:12:50,641 - INFO -   Batch 16,000  of  54,798.    Elapsed: 2:56:20.      Average Loss: 3.0305
2023-04-12 12:20:34,480 - INFO -   Batch 17,000  of  54,798.    Elapsed: 3:04:04.      Average Loss: 2.9864
2023-04-12 12:28:17,608 - INFO -   Batch 18,000  of  54,798.    Elapsed: 3:11:47.      Average Loss: 2.9627
2023-04-12 12:36:00,946 - INFO -   Batch 19,000  of  54,798.    Elapsed: 3:19:30.      Average Loss: 2.9626
2023-04-12 12:43:43,717 - INFO -   Batch 20,000  of  54,798.    Elapsed: 3:27:13.      Average Loss: 2.9161
2023-04-12 12:51:27,403 - INFO -   Batch 21,000  of  54,798.    Elapsed: 3:34:57.      Average Loss: 2.8912
2023-04-12 12:59:11,497 - INFO -   Batch 22,000  of  54,798.    Elapsed: 3:42:41.      Average Loss: 2.8731
2023-04-12 13:06:55,125 - INFO -   Batch 23,000  of  54,798.    Elapsed: 3:50:25.      Average Loss: 2.8226
2023-04-12 13:14:37,712 - INFO -   Batch 24,000  of  54,798.    Elapsed: 3:58:07.      Average Loss: 2.7913
2023-04-12 13:22:20,237 - INFO -   Batch 25,000  of  54,798.    Elapsed: 4:05:50.      Average Loss: 2.7732
2023-04-12 13:30:02,479 - INFO -   Batch 26,000  of  54,798.    Elapsed: 4:13:32.      Average Loss: 2.7692
2023-04-12 13:37:44,921 - INFO -   Batch 27,000  of  54,798.    Elapsed: 4:21:14.      Average Loss: 2.7591
2023-04-12 13:45:28,406 - INFO -   Batch 28,000  of  54,798.    Elapsed: 4:28:58.      Average Loss: 2.7534
2023-04-12 13:53:12,147 - INFO -   Batch 29,000  of  54,798.    Elapsed: 4:36:42.      Average Loss: 2.7266
2023-04-12 14:00:56,675 - INFO -   Batch 30,000  of  54,798.    Elapsed: 4:44:26.      Average Loss: 2.7261
2023-04-12 14:08:41,004 - INFO -   Batch 31,000  of  54,798.    Elapsed: 4:52:10.      Average Loss: 2.6949
2023-04-12 14:16:25,901 - INFO -   Batch 32,000  of  54,798.    Elapsed: 4:59:55.      Average Loss: 2.68
2023-04-12 14:24:09,787 - INFO -   Batch 33,000  of  54,798.    Elapsed: 5:07:39.      Average Loss: 2.6626
2023-04-12 14:31:54,303 - INFO -   Batch 34,000  of  54,798.    Elapsed: 5:15:24.      Average Loss: 2.6399
2023-04-12 14:39:38,646 - INFO -   Batch 35,000  of  54,798.    Elapsed: 5:23:08.      Average Loss: 2.6284
2023-04-12 14:47:22,537 - INFO -   Batch 36,000  of  54,798.    Elapsed: 5:30:52.      Average Loss: 2.6176
2023-04-12 14:55:07,177 - INFO -   Batch 37,000  of  54,798.    Elapsed: 5:38:37.      Average Loss: 2.6175
2023-04-12 15:02:51,744 - INFO -   Batch 38,000  of  54,798.    Elapsed: 5:46:21.      Average Loss: 2.5947
2023-04-12 15:10:36,226 - INFO -   Batch 39,000  of  54,798.    Elapsed: 5:54:06.      Average Loss: 2.5899
2023-04-12 15:18:20,824 - INFO -   Batch 40,000  of  54,798.    Elapsed: 6:01:50.      Average Loss: 2.5675
2023-04-12 15:26:04,925 - INFO -   Batch 41,000  of  54,798.    Elapsed: 6:09:34.      Average Loss: 2.5665
2023-04-12 15:33:50,016 - INFO -   Batch 42,000  of  54,798.    Elapsed: 6:17:20.      Average Loss: 2.5595
2023-04-12 15:41:34,423 - INFO -   Batch 43,000  of  54,798.    Elapsed: 6:25:04.      Average Loss: 2.5503
2023-04-12 15:49:18,914 - INFO -   Batch 44,000  of  54,798.    Elapsed: 6:32:48.      Average Loss: 2.5469
2023-04-12 15:57:02,335 - INFO -   Batch 45,000  of  54,798.    Elapsed: 6:40:32.      Average Loss: 2.5362
2023-04-12 16:04:45,986 - INFO -   Batch 46,000  of  54,798.    Elapsed: 6:48:15.      Average Loss: 2.5211
2023-04-12 16:12:29,032 - INFO -   Batch 47,000  of  54,798.    Elapsed: 6:55:59.      Average Loss: 2.5162
2023-04-12 16:20:12,170 - INFO -   Batch 48,000  of  54,798.    Elapsed: 7:03:42.      Average Loss: 2.5072
2023-04-12 16:27:54,549 - INFO -   Batch 49,000  of  54,798.    Elapsed: 7:11:24.      Average Loss: 2.4931
2023-04-12 16:35:36,928 - INFO -   Batch 50,000  of  54,798.    Elapsed: 7:19:06.      Average Loss: 2.4875
2023-04-12 16:43:20,115 - INFO -   Batch 51,000  of  54,798.    Elapsed: 7:26:50.      Average Loss: 2.4808
2023-04-12 16:51:03,180 - INFO -   Batch 52,000  of  54,798.    Elapsed: 7:34:33.      Average Loss: 2.468
2023-04-12 16:58:46,708 - INFO -   Batch 53,000  of  54,798.    Elapsed: 7:42:16.      Average Loss: 2.4607
2023-04-12 17:06:29,651 - INFO -   Batch 54,000  of  54,798.    Elapsed: 7:49:59.      Average Loss: 2.4481
2023-04-12 17:12:39,244 - INFO -   Epoch Average Training Loss: 2.45
2023-04-12 17:12:39,244 - INFO -   Training epoch took: 7:56:09
2023-04-12 17:12:39,244 - INFO - Running Validation...
2023-04-12 17:27:06,213 - INFO -   Average Validation Loss: 2.09
2023-04-12 17:27:06,213 - INFO -   Validation took: 0:14:27
2023-04-12 17:27:06,213 - INFO - ======== Epoch 2 / 3 ========
2023-04-12 17:34:50,516 - INFO -   Batch 1,000  of  54,798.    Elapsed: 0:07:44.      Average Loss: 2.4136
2023-04-12 17:42:33,601 - INFO -   Batch 2,000  of  54,798.    Elapsed: 0:15:27.      Average Loss: 2.449
2023-04-12 17:50:16,813 - INFO -   Batch 3,000  of  54,798.    Elapsed: 0:23:11.      Average Loss: 2.2538
2023-04-12 17:58:00,522 - INFO -   Batch 4,000  of  54,798.    Elapsed: 0:30:54.      Average Loss: 2.2867
2023-04-12 18:05:44,035 - INFO -   Batch 5,000  of  54,798.    Elapsed: 0:38:38.      Average Loss: 2.2468
2023-04-12 18:13:27,388 - INFO -   Batch 6,000  of  54,798.    Elapsed: 0:46:21.      Average Loss: 2.1734
2023-04-12 18:21:11,009 - INFO -   Batch 7,000  of  54,798.    Elapsed: 0:54:05.      Average Loss: 2.14
2023-04-12 18:28:54,654 - INFO -   Batch 8,000  of  54,798.    Elapsed: 1:01:48.      Average Loss: 2.1035
2023-04-12 18:36:38,958 - INFO -   Batch 9,000  of  54,798.    Elapsed: 1:09:33.      Average Loss: 2.1121
2023-04-12 18:44:22,273 - INFO -   Batch 10,000  of  54,798.    Elapsed: 1:17:16.      Average Loss: 2.1148
2023-04-12 18:52:06,216 - INFO -   Batch 11,000  of  54,798.    Elapsed: 1:25:00.      Average Loss: 2.1448
2023-04-12 18:59:49,713 - INFO -   Batch 12,000  of  54,798.    Elapsed: 1:32:43.      Average Loss: 2.1747
2023-04-12 19:07:33,650 - INFO -   Batch 13,000  of  54,798.    Elapsed: 1:40:27.      Average Loss: 2.2067
2023-04-12 19:15:17,521 - INFO -   Batch 14,000  of  54,798.    Elapsed: 1:48:11.      Average Loss: 2.1819
2023-04-12 19:23:00,759 - INFO -   Batch 15,000  of  54,798.    Elapsed: 1:55:55.      Average Loss: 2.1697
2023-04-12 19:30:43,893 - INFO -   Batch 16,000  of  54,798.    Elapsed: 2:03:38.      Average Loss: 2.1436
2023-04-12 19:38:27,227 - INFO -   Batch 17,000  of  54,798.    Elapsed: 2:11:21.      Average Loss: 2.126
2023-04-12 19:46:10,315 - INFO -   Batch 18,000  of  54,798.    Elapsed: 2:19:04.      Average Loss: 2.1252
2023-04-12 19:53:53,594 - INFO -   Batch 19,000  of  54,798.    Elapsed: 2:26:47.      Average Loss: 2.1567
2023-04-12 20:01:36,887 - INFO -   Batch 20,000  of  54,798.    Elapsed: 2:34:31.      Average Loss: 2.1298
2023-04-12 20:09:20,664 - INFO -   Batch 21,000  of  54,798.    Elapsed: 2:42:14.      Average Loss: 2.1165
2023-04-12 20:17:04,209 - INFO -   Batch 22,000  of  54,798.    Elapsed: 2:49:58.      Average Loss: 2.1137
2023-04-12 20:24:47,914 - INFO -   Batch 23,000  of  54,798.    Elapsed: 2:57:42.      Average Loss: 2.0762
2023-04-12 20:32:31,530 - INFO -   Batch 24,000  of  54,798.    Elapsed: 3:05:25.      Average Loss: 2.0611
2023-04-12 20:40:14,637 - INFO -   Batch 25,000  of  54,798.    Elapsed: 3:13:08.      Average Loss: 2.0602
2023-04-12 20:47:58,613 - INFO -   Batch 26,000  of  54,798.    Elapsed: 3:20:52.      Average Loss: 2.0603
2023-04-12 20:55:42,045 - INFO -   Batch 27,000  of  54,798.    Elapsed: 3:28:36.      Average Loss: 2.0676
2023-04-12 21:03:25,082 - INFO -   Batch 28,000  of  54,798.    Elapsed: 3:36:19.      Average Loss: 2.0681
2023-04-12 21:11:07,572 - INFO -   Batch 29,000  of  54,798.    Elapsed: 3:44:01.      Average Loss: 2.055
2023-04-12 21:18:50,508 - INFO -   Batch 30,000  of  54,798.    Elapsed: 3:51:44.      Average Loss: 2.0727
2023-04-12 21:26:33,843 - INFO -   Batch 31,000  of  54,798.    Elapsed: 3:59:28.      Average Loss: 2.0529
2023-04-12 21:34:17,653 - INFO -   Batch 32,000  of  54,798.    Elapsed: 4:07:11.      Average Loss: 2.0572
2023-04-12 21:42:01,514 - INFO -   Batch 33,000  of  54,798.    Elapsed: 4:14:55.      Average Loss: 2.0497
2023-04-12 21:49:44,926 - INFO -   Batch 34,000  of  54,798.    Elapsed: 4:22:39.      Average Loss: 2.0406
2023-04-12 21:57:28,378 - INFO -   Batch 35,000  of  54,798.    Elapsed: 4:30:22.      Average Loss: 2.0335
2023-04-12 22:05:12,246 - INFO -   Batch 36,000  of  54,798.    Elapsed: 4:38:06.      Average Loss: 2.0342
2023-04-12 22:12:55,561 - INFO -   Batch 37,000  of  54,798.    Elapsed: 4:45:49.      Average Loss: 2.0414
2023-04-12 22:20:38,879 - INFO -   Batch 38,000  of  54,798.    Elapsed: 4:53:33.      Average Loss: 2.03
2023-04-12 22:28:22,386 - INFO -   Batch 39,000  of  54,798.    Elapsed: 5:01:16.      Average Loss: 2.0325
2023-04-12 22:36:05,452 - INFO -   Batch 40,000  of  54,798.    Elapsed: 5:08:59.      Average Loss: 2.0165
2023-04-12 22:43:48,341 - INFO -   Batch 41,000  of  54,798.    Elapsed: 5:16:42.      Average Loss: 2.0219
2023-04-12 22:51:31,430 - INFO -   Batch 42,000  of  54,798.    Elapsed: 5:24:25.      Average Loss: 2.0238
2023-04-12 22:59:14,526 - INFO -   Batch 43,000  of  54,798.    Elapsed: 5:32:08.      Average Loss: 2.0231
2023-04-12 23:06:57,226 - INFO -   Batch 44,000  of  54,798.    Elapsed: 5:39:51.      Average Loss: 2.0288
2023-04-12 23:14:40,917 - INFO -   Batch 45,000  of  54,798.    Elapsed: 5:47:35.      Average Loss: 2.0252
2023-04-12 23:22:24,540 - INFO -   Batch 46,000  of  54,798.    Elapsed: 5:55:18.      Average Loss: 2.0149
2023-04-12 23:30:07,605 - INFO -   Batch 47,000  of  54,798.    Elapsed: 6:03:01.      Average Loss: 2.0154
2023-04-12 23:37:50,929 - INFO -   Batch 48,000  of  54,798.    Elapsed: 6:10:45.      Average Loss: 2.0151
2023-04-12 23:45:34,432 - INFO -   Batch 49,000  of  54,798.    Elapsed: 6:18:28.      Average Loss: 2.0108
2023-04-12 23:53:17,974 - INFO -   Batch 50,000  of  54,798.    Elapsed: 6:26:12.      Average Loss: 2.0084
2023-04-13 00:01:01,433 - INFO -   Batch 51,000  of  54,798.    Elapsed: 6:33:55.      Average Loss: 2.0085
2023-04-13 00:08:44,901 - INFO -   Batch 52,000  of  54,798.    Elapsed: 6:41:39.      Average Loss: 1.9979
2023-04-13 00:16:28,486 - INFO -   Batch 53,000  of  54,798.    Elapsed: 6:49:22.      Average Loss: 1.9949
2023-04-13 00:24:11,822 - INFO -   Batch 54,000  of  54,798.    Elapsed: 6:57:06.      Average Loss: 1.9893
2023-04-13 00:30:20,918 - INFO -   Epoch Average Training Loss: 1.99
2023-04-13 00:30:20,918 - INFO -   Training epoch took: 7:03:15
2023-04-13 00:30:20,918 - INFO - Running Validation...
2023-04-13 00:44:37,240 - INFO -   Average Validation Loss: 1.95
2023-04-13 00:44:37,240 - INFO -   Validation took: 0:14:16
2023-04-13 00:44:37,240 - INFO - ======== Epoch 3 / 3 ========
2023-04-13 00:52:21,542 - INFO -   Batch 1,000  of  54,798.    Elapsed: 0:07:44.      Average Loss: 2.2568
2023-04-13 01:00:05,920 - INFO -   Batch 2,000  of  54,798.    Elapsed: 0:15:29.      Average Loss: 2.265
2023-04-13 01:07:49,714 - INFO -   Batch 3,000  of  54,798.    Elapsed: 0:23:12.      Average Loss: 2.063
2023-04-13 01:15:33,157 - INFO -   Batch 4,000  of  54,798.    Elapsed: 0:30:56.      Average Loss: 2.0747
2023-04-13 01:23:16,842 - INFO -   Batch 5,000  of  54,798.    Elapsed: 0:38:40.      Average Loss: 2.0388
2023-04-13 01:30:59,861 - INFO -   Batch 6,000  of  54,798.    Elapsed: 0:46:23.      Average Loss: 1.9767
2023-04-13 01:38:43,595 - INFO -   Batch 7,000  of  54,798.    Elapsed: 0:54:06.      Average Loss: 1.9431
2023-04-13 01:46:26,803 - INFO -   Batch 8,000  of  54,798.    Elapsed: 1:01:50.      Average Loss: 1.8954
2023-04-13 01:54:09,947 - INFO -   Batch 9,000  of  54,798.    Elapsed: 1:09:33.      Average Loss: 1.8968
2023-04-13 02:01:53,234 - INFO -   Batch 10,000  of  54,798.    Elapsed: 1:17:16.      Average Loss: 1.9103
2023-04-13 02:09:36,411 - INFO -   Batch 11,000  of  54,798.    Elapsed: 1:24:59.      Average Loss: 1.9515
2023-04-13 02:17:20,051 - INFO -   Batch 12,000  of  54,798.    Elapsed: 1:32:43.      Average Loss: 1.993
2023-04-13 02:25:03,523 - INFO -   Batch 13,000  of  54,798.    Elapsed: 1:40:26.      Average Loss: 2.0177
2023-04-13 02:32:46,787 - INFO -   Batch 14,000  of  54,798.    Elapsed: 1:48:10.      Average Loss: 1.9972
2023-04-13 02:40:30,224 - INFO -   Batch 15,000  of  54,798.    Elapsed: 1:55:53.      Average Loss: 1.9852
2023-04-13 02:48:13,276 - INFO -   Batch 16,000  of  54,798.    Elapsed: 2:03:36.      Average Loss: 1.9676
2023-04-13 02:55:56,426 - INFO -   Batch 17,000  of  54,798.    Elapsed: 2:11:19.      Average Loss: 1.9504
2023-04-13 03:03:39,854 - INFO -   Batch 18,000  of  54,798.    Elapsed: 2:19:03.      Average Loss: 1.9224
2023-04-13 03:11:23,307 - INFO -   Batch 19,000  of  54,798.    Elapsed: 2:26:46.      Average Loss: 1.9536
2023-04-13 03:19:06,725 - INFO -   Batch 20,000  of  54,798.    Elapsed: 2:34:29.      Average Loss: 1.9318
2023-04-13 03:26:49,475 - INFO -   Batch 21,000  of  54,798.    Elapsed: 2:42:12.      Average Loss: 1.9256
2023-04-13 03:34:32,851 - INFO -   Batch 22,000  of  54,798.    Elapsed: 2:49:56.      Average Loss: 1.9299
2023-04-13 03:42:16,183 - INFO -   Batch 23,000  of  54,798.    Elapsed: 2:57:39.      Average Loss: 1.8995
2023-04-13 03:49:59,387 - INFO -   Batch 24,000  of  54,798.    Elapsed: 3:05:22.      Average Loss: 1.8846
2023-04-13 03:57:42,820 - INFO -   Batch 25,000  of  54,798.    Elapsed: 3:13:06.      Average Loss: 1.8896
2023-04-13 04:05:26,014 - INFO -   Batch 26,000  of  54,798.    Elapsed: 3:20:49.      Average Loss: 1.8867
2023-04-13 04:13:09,491 - INFO -   Batch 27,000  of  54,798.    Elapsed: 3:28:32.      Average Loss: 1.8922
2023-04-13 04:20:52,182 - INFO -   Batch 28,000  of  54,798.    Elapsed: 3:36:15.      Average Loss: 1.8857
2023-04-13 04:28:35,235 - INFO -   Batch 29,000  of  54,798.    Elapsed: 3:43:58.      Average Loss: 1.8708
2023-04-13 04:36:18,359 - INFO -   Batch 30,000  of  54,798.    Elapsed: 3:51:41.      Average Loss: 1.8823
2023-04-13 04:44:01,705 - INFO -   Batch 31,000  of  54,798.    Elapsed: 3:59:24.      Average Loss: 1.8605
2023-04-13 04:51:44,770 - INFO -   Batch 32,000  of  54,798.    Elapsed: 4:07:08.      Average Loss: 1.8643
2023-04-13 04:59:27,967 - INFO -   Batch 33,000  of  54,798.    Elapsed: 4:14:51.      Average Loss: 1.8593
2023-04-13 05:07:11,528 - INFO -   Batch 34,000  of  54,798.    Elapsed: 4:22:34.      Average Loss: 1.8508
2023-04-13 05:14:54,761 - INFO -   Batch 35,000  of  54,798.    Elapsed: 4:30:18.      Average Loss: 1.8458
2023-04-13 05:22:38,144 - INFO -   Batch 36,000  of  54,798.    Elapsed: 4:38:01.      Average Loss: 1.8485
2023-04-13 05:30:21,279 - INFO -   Batch 37,000  of  54,798.    Elapsed: 4:45:44.      Average Loss: 1.8552
2023-04-13 05:38:05,529 - INFO -   Batch 38,000  of  54,798.    Elapsed: 4:53:28.      Average Loss: 1.8475
2023-04-13 05:45:49,174 - INFO -   Batch 39,000  of  54,798.    Elapsed: 5:01:12.      Average Loss: 1.8491
2023-04-13 05:53:32,457 - INFO -   Batch 40,000  of  54,798.    Elapsed: 5:08:55.      Average Loss: 1.8323
2023-04-13 06:01:15,478 - INFO -   Batch 41,000  of  54,798.    Elapsed: 5:16:38.      Average Loss: 1.8384
2023-04-13 06:08:58,503 - INFO -   Batch 42,000  of  54,798.    Elapsed: 5:24:21.      Average Loss: 1.8447
2023-04-13 06:16:41,899 - INFO -   Batch 43,000  of  54,798.    Elapsed: 5:32:05.      Average Loss: 1.8407
2023-04-13 06:24:25,641 - INFO -   Batch 44,000  of  54,798.    Elapsed: 5:39:48.      Average Loss: 1.8474
2023-04-13 06:32:08,829 - INFO -   Batch 45,000  of  54,798.    Elapsed: 5:47:32.      Average Loss: 1.8433
2023-04-13 06:39:51,968 - INFO -   Batch 46,000  of  54,798.    Elapsed: 5:55:15.      Average Loss: 1.8349
2023-04-13 06:47:35,705 - INFO -   Batch 47,000  of  54,798.    Elapsed: 6:02:58.      Average Loss: 1.8351
2023-04-13 06:55:19,500 - INFO -   Batch 48,000  of  54,798.    Elapsed: 6:10:42.      Average Loss: 1.8357
2023-04-13 07:03:02,781 - INFO -   Batch 49,000  of  54,798.    Elapsed: 6:18:26.      Average Loss: 1.8327
2023-04-13 07:10:45,876 - INFO -   Batch 50,000  of  54,798.    Elapsed: 6:26:09.      Average Loss: 1.8345
2023-04-13 07:18:28,828 - INFO -   Batch 51,000  of  54,798.    Elapsed: 6:33:52.      Average Loss: 1.835
2023-04-13 07:26:11,704 - INFO -   Batch 52,000  of  54,798.    Elapsed: 6:41:34.      Average Loss: 1.8264
2023-04-13 07:33:55,263 - INFO -   Batch 53,000  of  54,798.    Elapsed: 6:49:18.      Average Loss: 1.82
2023-04-13 07:41:38,944 - INFO -   Batch 54,000  of  54,798.    Elapsed: 6:57:02.      Average Loss: 1.8171
2023-04-13 07:47:48,022 - INFO -   Epoch Average Training Loss: 1.82
2023-04-13 07:47:48,022 - INFO -   Training epoch took: 7:03:11
2023-04-13 07:47:48,022 - INFO - Running Validation...
2023-04-13 08:02:03,418 - INFO -   Average Validation Loss: 1.88
2023-04-13 08:02:03,418 - INFO -   Validation took: 0:14:15
2023-04-13 08:02:03,418 - INFO - 
2023-04-13 08:02:03,418 - INFO - Training complete!
2023-04-13 08:02:03,425 - INFO - Pickled loss values
2023-04-13 08:02:04,893 - INFO - Saved model and tokenizer
2023-04-13 08:02:04,894 - INFO - Done!
