2023-04-08 21:38:42,944 - INFO - Split train data to fine-tune and experiment datasets
2023-04-08 21:43:25,479 - INFO - Split train data to fine-tune and experiment datasets
2023-04-08 21:43:25,781 - INFO - Pickled fine-tune dataset
2023-04-08 21:43:26,070 - INFO - Pickled experiment dataset
2023-04-08 21:43:26,070 - INFO - Initializing fine-tune dataset
2023-04-08 21:47:03,518 - INFO - Extracted encodings and labels from chunks and initialized dataset
2023-04-08 21:47:03,567 - INFO - Split fine-tune data to fine-tune and validation datasets
2023-04-08 21:47:06,641 - INFO - Training...
2023-04-08 21:47:06,641 - INFO - ======== Epoch 1 / 3 ========
2023-04-08 22:04:43,829 - INFO -   Batch 1,000  of  18,356.    Elapsed: 0:17:37.      Average Loss: 3.1296
2023-04-08 22:22:25,967 - INFO -   Batch 2,000  of  18,356.    Elapsed: 0:35:19.      Average Loss: 3.1045
2023-04-08 22:40:07,274 - INFO -   Batch 3,000  of  18,356.    Elapsed: 0:53:01.      Average Loss: 2.8392
2023-04-08 22:57:48,500 - INFO -   Batch 4,000  of  18,356.    Elapsed: 1:10:42.      Average Loss: 2.6163
2023-04-08 23:15:30,840 - INFO -   Batch 5,000  of  18,356.    Elapsed: 1:28:24.      Average Loss: 2.4589
2023-04-08 23:33:12,751 - INFO -   Batch 6,000  of  18,356.    Elapsed: 1:46:06.      Average Loss: 2.3537
2023-04-08 23:50:55,161 - INFO -   Batch 7,000  of  18,356.    Elapsed: 2:03:49.      Average Loss: 2.3147
2023-04-09 00:08:38,272 - INFO -   Batch 8,000  of  18,356.    Elapsed: 2:21:32.      Average Loss: 2.3153
2023-04-09 00:26:18,298 - INFO -   Batch 9,000  of  18,356.    Elapsed: 2:39:12.      Average Loss: 2.3114
2023-04-09 00:44:00,196 - INFO -   Batch 10,000  of  18,356.    Elapsed: 2:56:54.      Average Loss: 2.2454
2023-04-09 01:01:42,400 - INFO -   Batch 11,000  of  18,356.    Elapsed: 3:14:36.      Average Loss: 2.1864
2023-04-09 01:19:23,589 - INFO -   Batch 12,000  of  18,356.    Elapsed: 3:32:17.      Average Loss: 2.1995
2023-04-09 01:37:04,049 - INFO -   Batch 13,000  of  18,356.    Elapsed: 3:49:57.      Average Loss: 2.1979
2023-04-09 01:54:44,074 - INFO -   Batch 14,000  of  18,356.    Elapsed: 4:07:37.      Average Loss: 2.1389
2023-04-09 02:12:24,960 - INFO -   Batch 15,000  of  18,356.    Elapsed: 4:25:18.      Average Loss: 2.0956
2023-04-09 02:30:06,487 - INFO -   Batch 16,000  of  18,356.    Elapsed: 4:43:00.      Average Loss: 2.0345
2023-04-09 02:47:48,168 - INFO -   Batch 17,000  of  18,356.    Elapsed: 5:00:42.      Average Loss: 1.9931
2023-04-09 03:05:29,478 - INFO -   Batch 18,000  of  18,356.    Elapsed: 5:18:23.      Average Loss: 1.9803
2023-04-09 03:11:45,748 - INFO -   Epoch Average Training Loss: 1.96
2023-04-09 03:11:45,748 - INFO -   Training epoch took: 5:24:39
2023-04-09 03:11:45,748 - INFO - Running Validation...
2023-04-09 03:21:35,481 - INFO -   Average Validation Loss: 1.59
2023-04-09 03:21:35,481 - INFO -   Validation took: 0:09:50
2023-04-09 03:21:35,481 - INFO - ======== Epoch 2 / 3 ========
2023-04-09 03:39:19,612 - INFO -   Batch 1,000  of  18,356.    Elapsed: 0:17:44.      Average Loss: 1.1551
2023-04-09 03:57:00,595 - INFO -   Batch 2,000  of  18,356.    Elapsed: 0:35:25.      Average Loss: 1.6909
2023-04-09 04:14:42,059 - INFO -   Batch 3,000  of  18,356.    Elapsed: 0:53:07.      Average Loss: 1.4893
2023-04-09 04:32:23,505 - INFO -   Batch 4,000  of  18,356.    Elapsed: 1:10:48.      Average Loss: 1.4682
2023-04-09 04:50:04,183 - INFO -   Batch 5,000  of  18,356.    Elapsed: 1:28:29.      Average Loss: 1.4175
2023-04-09 05:07:45,372 - INFO -   Batch 6,000  of  18,356.    Elapsed: 1:46:10.      Average Loss: 1.4806
2023-04-09 05:25:25,653 - INFO -   Batch 7,000  of  18,356.    Elapsed: 2:03:50.      Average Loss: 1.4944
2023-04-09 05:43:06,265 - INFO -   Batch 8,000  of  18,356.    Elapsed: 2:21:31.      Average Loss: 1.511
2023-04-09 06:00:46,909 - INFO -   Batch 9,000  of  18,356.    Elapsed: 2:39:11.      Average Loss: 1.454
2023-04-09 06:18:29,711 - INFO -   Batch 10,000  of  18,356.    Elapsed: 2:56:54.      Average Loss: 1.5037
2023-04-09 06:36:10,340 - INFO -   Batch 11,000  of  18,356.    Elapsed: 3:14:35.      Average Loss: 1.4839
2023-04-09 06:53:51,474 - INFO -   Batch 12,000  of  18,356.    Elapsed: 3:32:16.      Average Loss: 1.484
2023-04-09 07:11:32,212 - INFO -   Batch 13,000  of  18,356.    Elapsed: 3:49:57.      Average Loss: 1.4846
2023-04-09 07:29:13,170 - INFO -   Batch 14,000  of  18,356.    Elapsed: 4:07:38.      Average Loss: 1.4739
2023-04-09 07:46:52,963 - INFO -   Batch 15,000  of  18,356.    Elapsed: 4:25:17.      Average Loss: 1.4937
2023-04-09 08:04:33,447 - INFO -   Batch 16,000  of  18,356.    Elapsed: 4:42:58.      Average Loss: 1.5129
2023-04-09 08:22:13,552 - INFO -   Batch 17,000  of  18,356.    Elapsed: 5:00:38.      Average Loss: 1.4549
2023-04-09 08:39:54,078 - INFO -   Batch 18,000  of  18,356.    Elapsed: 5:18:19.      Average Loss: 1.4551
2023-04-09 08:46:12,813 - INFO -   Epoch Average Training Loss: 1.43
2023-04-09 08:46:12,813 - INFO -   Training epoch took: 5:24:37
2023-04-09 08:46:12,813 - INFO - Running Validation...
2023-04-09 08:56:04,575 - INFO -   Average Validation Loss: 1.39
2023-04-09 08:56:04,575 - INFO -   Validation took: 0:09:52
2023-04-09 08:56:04,575 - INFO - ======== Epoch 3 / 3 ========
2023-04-09 09:13:47,787 - INFO -   Batch 1,000  of  18,356.    Elapsed: 0:17:43.      Average Loss: 0.8456
2023-04-09 09:31:30,708 - INFO -   Batch 2,000  of  18,356.    Elapsed: 0:35:26.      Average Loss: 1.4432
2023-04-09 09:49:13,435 - INFO -   Batch 3,000  of  18,356.    Elapsed: 0:53:09.      Average Loss: 1.3839
2023-04-09 10:06:56,273 - INFO -   Batch 4,000  of  18,356.    Elapsed: 1:10:52.      Average Loss: 1.2765
2023-04-09 10:24:38,553 - INFO -   Batch 5,000  of  18,356.    Elapsed: 1:28:34.      Average Loss: 1.2344
2023-04-09 10:42:21,534 - INFO -   Batch 6,000  of  18,356.    Elapsed: 1:46:17.      Average Loss: 1.0918
2023-04-09 11:00:04,644 - INFO -   Batch 7,000  of  18,356.    Elapsed: 2:04:00.      Average Loss: 1.1394
2023-04-09 11:17:48,339 - INFO -   Batch 8,000  of  18,356.    Elapsed: 2:21:44.      Average Loss: 1.2077
2023-04-09 11:35:31,117 - INFO -   Batch 9,000  of  18,356.    Elapsed: 2:39:27.      Average Loss: 1.1985
2023-04-09 11:53:16,109 - INFO -   Batch 10,000  of  18,356.    Elapsed: 2:57:12.      Average Loss: 1.1308
2023-04-09 12:10:59,767 - INFO -   Batch 11,000  of  18,356.    Elapsed: 3:14:55.      Average Loss: 1.0649
2023-04-09 12:28:42,896 - INFO -   Batch 12,000  of  18,356.    Elapsed: 3:32:38.      Average Loss: 1.01
2023-04-09 12:46:26,144 - INFO -   Batch 13,000  of  18,356.    Elapsed: 3:50:22.      Average Loss: 1.0608
2023-04-09 13:04:08,831 - INFO -   Batch 14,000  of  18,356.    Elapsed: 4:08:04.      Average Loss: 1.023
2023-04-09 13:21:51,682 - INFO -   Batch 15,000  of  18,356.    Elapsed: 4:25:47.      Average Loss: 1.0229
2023-04-09 13:39:34,982 - INFO -   Batch 16,000  of  18,356.    Elapsed: 4:43:30.      Average Loss: 1.006
2023-04-09 13:57:17,250 - INFO -   Batch 17,000  of  18,356.    Elapsed: 5:01:13.      Average Loss: 1.0177
2023-04-09 14:15:01,960 - INFO -   Batch 18,000  of  18,356.    Elapsed: 5:18:57.      Average Loss: 1.013
2023-04-09 14:21:19,396 - INFO -   Epoch Average Training Loss: 1.02
2023-04-09 14:21:19,397 - INFO -   Training epoch took: 5:25:15
2023-04-09 14:21:19,397 - INFO - Running Validation...
2023-04-09 14:31:09,826 - INFO -   Average Validation Loss: 1.27
2023-04-09 14:31:09,826 - INFO -   Validation took: 0:09:50
2023-04-09 14:31:09,826 - INFO - 
2023-04-09 14:31:09,826 - INFO - Training complete!
2023-04-09 14:31:09,827 - INFO - Pickled loss values
2023-04-09 14:31:10,424 - INFO - Saved model and tokenizer
2023-04-09 14:31:10,424 - INFO - Done!
